<?xml version="1.0" encoding="UTF-8"?>
<!-- Generated by org.testng.reporters.JUnitReportReporter -->
<testsuite skipped="0" hostname="LAPTOP-QM4RREJ3" name="com.qanonTesting.analyticsMenu.Reports" tests="3" failures="0" timestamp="2020-03-24T05:49:04 EDT" time="72.394" errors="0">
  <testcase name="navigateTo_ReportsPage" time="20.084" classname="com.qanonTesting.analyticsMenu.Reports"/>
  <testcase name="findRecords_ReportsPage" time="2.063" classname="com.qanonTesting.analyticsMenu.Reports"/>
  <testcase name="generateReport_ReportsPage" time="50.247" classname="com.qanonTesting.analyticsMenu.Reports"/>
</testsuite> <!-- com.qanonTesting.analyticsMenu.Reports -->
