<?xml version="1.0" encoding="UTF-8"?>
<!-- Generated by org.testng.reporters.JUnitReportReporter -->
<testsuite skipped="0" hostname="LAPTOP-QM4RREJ3" name="com.qanonTesting.login.tests.Login1" tests="1" failures="0" timestamp="2020-05-13T13:32:24 EDT" time="404.861" errors="0">
  <testcase name="testPreformance" time="404.861" classname="com.qanonTesting.login.tests.Login1"/>
</testsuite> <!-- com.qanonTesting.login.tests.Login1 -->
