<?xml version="1.0" encoding="UTF-8"?>
<!-- Generated by org.testng.reporters.JUnitReportReporter -->
<testsuite skipped="0" hostname="LAPTOP-QM4RREJ3" name="com.qanonTesting.login.tests.Login2" tests="1" failures="0" timestamp="2020-03-27T16:15:27 EDT" time="57.240" errors="0">
  <testcase name="verify_Login" time="57.240" classname="com.qanonTesting.login.tests.Login2"/>
</testsuite> <!-- com.qanonTesting.login.tests.Login2 -->
