<?xml version="1.0" encoding="UTF-8"?>
<!-- Generated by org.testng.reporters.JUnitReportReporter -->
<testsuite skipped="0" hostname="LAPTOP-QM4RREJ3" name="com.qanonTesting.TestNG.FirstSession" tests="1" failures="0" timestamp="2020-05-05T08:47:48 EDT" time="196.496" errors="0">
  <testcase name="firstSession" time="196.496" classname="com.qanonTesting.TestNG.FirstSession"/>
</testsuite> <!-- com.qanonTesting.TestNG.FirstSession -->
