<?xml version="1.0" encoding="UTF-8"?>
<!-- Generated by org.testng.reporters.JUnitReportReporter -->
<testsuite skipped="0" hostname="LAPTOP-QM4RREJ3" name="com.qanonTesting.processMenu.Contracts" tests="1" failures="0" timestamp="2020-05-22T09:08:22 EDT" time="136.162" errors="0">
  <testcase name="contractPage" time="136.162" classname="com.qanonTesting.processMenu.Contracts"/>
</testsuite> <!-- com.qanonTesting.processMenu.Contracts -->
