<?xml version="1.0" encoding="UTF-8"?>
<!-- Generated by org.testng.reporters.JUnitReportReporter -->
<testsuite skipped="0" hostname="LAPTOP-QM4RREJ3" name="com.qanonTesting.TestNG.SecondSession" tests="1" failures="0" timestamp="2020-05-05T08:47:47 EDT" time="344.043" errors="0">
  <testcase name="secondSession" time="344.043" classname="com.qanonTesting.TestNG.SecondSession"/>
</testsuite> <!-- com.qanonTesting.TestNG.SecondSession -->
