<?xml version="1.0" encoding="UTF-8"?>
<!-- Generated by org.testng.reporters.JUnitReportReporter -->
<testsuite skipped="0" hostname="LAPTOP-QM4RREJ3" name="com.qanonTesting.utilities.ReadUserInput" tests="1" failures="0" timestamp="2020-03-30T09:14:13 EDT" time="0.018" errors="0">
  <testcase name="readInput" time="0.018" classname="com.qanonTesting.utilities.ReadUserInput"/>
</testsuite> <!-- com.qanonTesting.utilities.ReadUserInput -->
